VROcean/unityLibrary/build/intermediates/manifest_merge_blame_file/release/manifest-merger-blame-release-report.txt
1<?xml version="1.0" encoding="utf-8"?>
2<manifest xmlns:android="http://schemas.android.com/apk/res/android"
3    xmlns:tools="http://schemas.android.com/tools"
4    package="com.unity3d.player"
5    android:installLocation="auto" >
6
7    <uses-sdk
8        android:minSdkVersion="29"
8-->src\main\AndroidManifest.xml
9        android:targetSdkVersion="32" />
9-->src\main\AndroidManifest.xml
10
11    <uses-permission android:name="android.permission.INTERNET" />
11-->src\main\AndroidManifest.xml:3:3-65
11-->src\main\AndroidManifest.xml:3:20-62
12
13    <uses-feature
13-->src\main\AndroidManifest.xml:4:3-111
14        android:name="android.hardware.vr.headtracking"
14-->src\main\AndroidManifest.xml:4:17-64
15        android:required="true"
15-->src\main\AndroidManifest.xml:4:85-108
16        android:version="1" />
16-->src\main\AndroidManifest.xml:4:65-84
17    <uses-feature
17-->src\main\AndroidManifest.xml:5:3-90
18        android:name="android.hardware.vulkan.version"
18-->src\main\AndroidManifest.xml:5:17-63
19        android:required="true" />
19-->src\main\AndroidManifest.xml:5:64-87
20    <uses-feature
20-->src\main\AndroidManifest.xml:6:3-88
21        android:name="android.hardware.touchscreen"
21-->src\main\AndroidManifest.xml:6:17-60
22        android:required="false" />
22-->src\main\AndroidManifest.xml:6:61-85
23    <uses-feature
23-->src\main\AndroidManifest.xml:7:3-99
24        android:name="android.hardware.touchscreen.multitouch"
24-->src\main\AndroidManifest.xml:7:17-71
25        android:required="false" />
25-->src\main\AndroidManifest.xml:7:72-96
26    <uses-feature
26-->src\main\AndroidManifest.xml:8:3-108
27        android:name="android.hardware.touchscreen.multitouch.distinct"
27-->src\main\AndroidManifest.xml:8:17-80
28        android:required="false" />
28-->src\main\AndroidManifest.xml:8:81-105
29    <uses-feature
29-->src\main\AndroidManifest.xml:37:3-88
30        android:name="oculus.software.handtracking"
30-->src\main\AndroidManifest.xml:37:17-60
31        android:required="false" />
31-->src\main\AndroidManifest.xml:37:61-85
32
33    <uses-permission android:name="com.oculus.permission.HAND_TRACKING" />
33-->src\main\AndroidManifest.xml:38:3-73
33-->src\main\AndroidManifest.xml:38:20-70
34    <uses-permission android:name="com.oculus.permission.USE_ANCHOR_API" />
34-->src\main\AndroidManifest.xml:39:3-74
34-->src\main\AndroidManifest.xml:39:20-71
35    <uses-permission android:name="com.oculus.permission.USE_SCENE" />
35-->src\main\AndroidManifest.xml:40:3-69
35-->src\main\AndroidManifest.xml:40:20-66
36
37    <application
37-->src\main\AndroidManifest.xml:9:3-36:17
38        android:allowBackup="false"
38-->src\main\AndroidManifest.xml:9:81-108
39        android:extractNativeLibs="true"
39-->src\main\AndroidManifest.xml:9:145-177
40        android:icon="@mipmap/app_icon"
40-->src\main\AndroidManifest.xml:9:49-80
41        android:label="@string/app_name"
41-->src\main\AndroidManifest.xml:9:16-48
42        android:networkSecurityConfig="@xml/network_sec_config"
42-->src\main\AndroidManifest.xml:9:178-233
43        tools:replace="android:allowBackup" >
43-->src\main\AndroidManifest.xml:9:109-144
44        <meta-data
44-->src\main\AndroidManifest.xml:10:5-89
45            android:name="unityplayer.SkipPermissionsDialog"
45-->src\main\AndroidManifest.xml:10:16-64
46            android:value="false" />
46-->src\main\AndroidManifest.xml:10:65-86
47        <meta-data
47-->src\main\AndroidManifest.xml:11:5-97
48            android:name="com.samsung.android.vr.application.mode"
48-->src\main\AndroidManifest.xml:11:16-70
49            android:value="vr_only" />
49-->src\main\AndroidManifest.xml:11:71-94
50        <meta-data
50-->src\main\AndroidManifest.xml:12:5-86
51            android:name="com.oculus.ossplash.background"
51-->src\main\AndroidManifest.xml:12:16-61
52            android:value="black" />
52-->src\main\AndroidManifest.xml:12:62-83
53        <meta-data
53-->src\main\AndroidManifest.xml:13:5-93
54            android:name="com.oculus.supportedDevices"
54-->src\main\AndroidManifest.xml:13:16-58
55            android:value="quest2|questpro" />
55-->src\main\AndroidManifest.xml:13:59-90
56        <meta-data
56-->src\main\AndroidManifest.xml:14:5-69
57            android:name="unity.splash-mode"
57-->src\main\AndroidManifest.xml:14:16-48
58            android:value="0" />
58-->src\main\AndroidManifest.xml:14:49-66
59        <meta-data
59-->src\main\AndroidManifest.xml:15:5-74
60            android:name="unity.splash-enable"
60-->src\main\AndroidManifest.xml:15:16-50
61            android:value="True" />
61-->src\main\AndroidManifest.xml:15:51-71
62        <meta-data
62-->src\main\AndroidManifest.xml:16:5-78
63            android:name="unity.launch-fullscreen"
63-->src\main\AndroidManifest.xml:16:16-54
64            android:value="True" />
64-->src\main\AndroidManifest.xml:16:55-75
65        <meta-data
65-->src\main\AndroidManifest.xml:17:5-81
66            android:name="notch.config"
66-->src\main\AndroidManifest.xml:17:16-43
67            android:value="portrait|landscape" />
67-->src\main\AndroidManifest.xml:17:44-78
68        <meta-data
68-->src\main\AndroidManifest.xml:18:5-84
69            android:name="unity.auto-report-fully-drawn"
69-->src\main\AndroidManifest.xml:18:16-60
70            android:value="true" />
70-->src\main\AndroidManifest.xml:18:61-81
71
72        <activity
72-->src\main\AndroidManifest.xml:19:5-27:16
73            android:name="com.unity3d.player.UnityPlayerActivity"
73-->src\main\AndroidManifest.xml:19:222-275
74            android:configChanges="keyboard|keyboardHidden|navigation|orientation|screenLayout|screenSize|uiMode|density"
74-->src\main\AndroidManifest.xml:19:80-189
75            android:excludeFromRecents="true"
75-->src\main\AndroidManifest.xml:19:276-309
76            android:exported="true"
76-->src\main\AndroidManifest.xml:19:310-333
77            android:hardwareAccelerated="false"
77-->src\main\AndroidManifest.xml:19:407-442
78            android:launchMode="singleTask"
78-->src\main\AndroidManifest.xml:19:190-221
79            android:resizeableActivity="false"
79-->src\main\AndroidManifest.xml:19:372-406
80            android:screenOrientation="landscape"
80-->src\main\AndroidManifest.xml:19:334-371
81            android:theme="@android:style/Theme.Black.NoTitleBar.Fullscreen" >
81-->src\main\AndroidManifest.xml:19:15-79
82            <intent-filter>
82-->src\main\AndroidManifest.xml:20:7-24:23
83                <category android:name="android.intent.category.LAUNCHER" />
83-->src\main\AndroidManifest.xml:21:9-69
83-->src\main\AndroidManifest.xml:21:19-66
84                <category android:name="com.oculus.intent.category.VR" />
84-->src\main\AndroidManifest.xml:22:9-66
84-->src\main\AndroidManifest.xml:22:19-63
85
86                <action android:name="android.intent.action.MAIN" />
86-->src\main\AndroidManifest.xml:23:9-61
86-->src\main\AndroidManifest.xml:23:17-58
87            </intent-filter>
88
89            <meta-data
89-->src\main\AndroidManifest.xml:25:7-81
90                android:name="com.oculus.vr.focusaware"
90-->src\main\AndroidManifest.xml:25:18-57
91                android:value="true" />
91-->src\main\AndroidManifest.xml:25:58-78
92            <meta-data
92-->src\main\AndroidManifest.xml:26:7-70
93                android:name="notch_support"
93-->src\main\AndroidManifest.xml:26:18-46
94                android:value="true" />
94-->src\main\AndroidManifest.xml:26:47-67
95        </activity>
96
97        <meta-data
97-->src\main\AndroidManifest.xml:28:5-90
98            android:name="com.unity.xr.oculus.LowOverheadMode"
98-->src\main\AndroidManifest.xml:28:16-66
99            android:value="true" />
99-->src\main\AndroidManifest.xml:28:67-87
100        <meta-data
100-->src\main\AndroidManifest.xml:29:5-88
101            android:name="com.unity.xr.oculus.LateLatching"
101-->src\main\AndroidManifest.xml:29:16-63
102            android:value="false" />
102-->src\main\AndroidManifest.xml:29:64-85
103        <meta-data
103-->src\main\AndroidManifest.xml:30:5-93
104            android:name="com.unity.xr.oculus.LateLatchingDebug"
104-->src\main\AndroidManifest.xml:30:16-68
105            android:value="false" />
105-->src\main\AndroidManifest.xml:30:69-90
106        <meta-data
106-->src\main\AndroidManifest.xml:31:5-87
107            android:name="com.oculus.handtracking.frequency"
107-->src\main\AndroidManifest.xml:31:16-64
108            android:value="LOW" />
108-->src\main\AndroidManifest.xml:31:65-84
109        <meta-data
109-->src\main\AndroidManifest.xml:32:5-86
110            android:name="com.oculus.handtracking.version"
110-->src\main\AndroidManifest.xml:32:16-62
111            android:value="V2.0" />
111-->src\main\AndroidManifest.xml:32:63-83
112        <meta-data
112-->src\main\AndroidManifest.xml:33:5-74
113            android:name="com.oculus.ossplash"
113-->src\main\AndroidManifest.xml:33:16-50
114            android:value="true" />
114-->src\main\AndroidManifest.xml:33:51-71
115        <meta-data
115-->src\main\AndroidManifest.xml:34:5-79
116            android:name="com.oculus.ossplash.type"
116-->src\main\AndroidManifest.xml:34:16-55
117            android:value="mono" />
117-->src\main\AndroidManifest.xml:34:56-76
118        <meta-data
118-->src\main\AndroidManifest.xml:35:5-83
119            android:name="com.oculus.ossplash.colorspace"
119-->src\main\AndroidManifest.xml:35:16-61
120            android:value="P3" />
120-->src\main\AndroidManifest.xml:35:62-80
121    </application>
122
123</manifest>